TN:
SF:src/modules/bike.js
FN:4,showBikes
FN:22,showBike
FN:41,addBike
FN:61,updateBike
FN:104,deleteBike
FN:115,deleteBikes
FNF:6
FNH:4
FNDA:1,showBikes
FNDA:1,showBike
FNDA:2,addBike
FNDA:1,updateBike
FNDA:0,deleteBike
FNDA:0,deleteBikes
DA:1,1
DA:2,1
DA:5,1
DA:6,1
DA:15,1
DA:17,0
DA:18,0
DA:23,1
DA:24,1
DA:34,1
DA:36,0
DA:37,0
DA:42,2
DA:43,2
DA:44,2
DA:45,2
DA:50,2
DA:51,2
DA:53,0
DA:54,0
DA:56,0
DA:57,0
DA:62,1
DA:63,1
DA:64,1
DA:66,1
DA:67,1
DA:68,1
DA:71,1
DA:72,1
DA:73,1
DA:76,1
DA:77,0
DA:78,0
DA:79,0
DA:82,1
DA:83,0
DA:84,0
DA:87,1
DA:89,1
DA:91,1
DA:93,1
DA:94,0
DA:97,1
DA:99,0
DA:100,0
DA:105,0
DA:106,0
DA:107,0
DA:108,0
DA:110,0
DA:111,0
DA:116,0
DA:117,0
DA:118,0
DA:121,1
LF:56
LH:31
BRDA:41,0,0,2
BRDA:43,1,0,2
BRDA:43,1,1,0
BRDA:53,2,0,0
BRDA:53,2,1,0
BRDA:66,3,0,1
BRDA:66,3,1,0
BRDA:71,4,0,1
BRDA:71,4,1,0
BRDA:76,5,0,0
BRDA:76,5,1,1
BRDA:76,6,0,1
BRDA:76,6,1,0
BRDA:82,7,0,0
BRDA:82,7,1,1
BRDA:93,8,0,0
BRDA:93,8,1,1
BRDA:116,9,0,0
BRDA:116,9,1,0
BRF:19
BRH:8
end_of_record
TN:
SF:test/db/dbDev.js
FN:25,(anonymous_0)
FNF:1
FNH:0
FNDA:0,(anonymous_0)
DA:3,1
DA:4,1
DA:5,1
DA:7,1
DA:8,1
DA:9,1
DA:10,1
DA:25,1
DA:26,0
DA:29,1
LF:10
LH:9
BRDA:9,0,0,1
BRDA:9,0,1,0
BRDA:11,1,0,0
BRDA:11,1,1,1
BRF:4
BRH:2
end_of_record
